nohup: ignoring input
[21-Jul-25 04:45:07 - INFO] - ZeMusic.core.tdlib_client - โ TDLib loaded successfully from compiled library
[21-Jul-25 04:45:07 - INFO] - ZeMusic.core.tdlib_client - ๐ฅ TDLib Manager initialized with real TDLib support
[21-Jul-25 04:45:07 - INFO] - ZeMusic.compatibility - ๐ ุชููุฆุฉ ุนููู ุงูุชูุงูู: ZeMusic
[21-Jul-25 04:45:07 - INFO] - ZeMusic.compatibility - ๐ ุชู ุชุญููู ุทุจูุฉ ุงูุชูุงูู - ุงููููุงุช ุงููุฏููุฉ ุณุชุนูู ูุน TDLib
[21-Jul-25 04:45:07 - INFO] - ZeMusic - ๐ ุงุณุชุฎุฏุงู ุทุจูุฉ ุงูุชูุงูู TDLib
[21-Jul-25 04:45:07 - INFO] - ZeMusic - ๐ต ุชู ุชุญููู ZeMusic Bot ุจูุฌุงุญ
[21-Jul-25 04:45:07 - INFO] - ZeMusic.core.database - โ ุชู ุฅูุดุงุก ูุงุนุฏุฉ ุงูุจูุงูุงุช SQLite ุจูุฌุงุญ
[21-Jul-25 04:45:07 - INFO] - ZeMusic.core.database - โ ูุธุงู ูุงุนุฏุฉ ุงูุจูุงูุงุช TDLib ุฌุงูุฒ ููุงุณุชุฎุฏุงู
[21-Jul-25 04:45:07 - INFO] - ZeMusic.plugins.owner.force_subscribe_handler - ุชู ุชุญููู ุฅุนุฏุงุฏุงุช ุงูุงุดุชุฑุงู ุงูุฅุฌุจุงุฑู - ููุนู: False
[21-Jul-25 04:45:07 - INFO] - ZeMusic.plugins.owner.assistants_handler - ุชู ุชุญููู ุฅุนุฏุงุฏุงุช ุงููุบุงุฏุฑุฉ ุงูุชููุงุฆูุฉ - ููุนู: False
[21-Jul-25 04:45:07 - INFO] - __main__ - ๐ ุจุฏุก ุชููุฆุฉ ZeMusic Bot...
[21-Jul-25 04:45:07 - INFO] - __main__ - ๐ ุชููุฆุฉ ูุงุนุฏุฉ ุงูุจูุงูุงุช...
[21-Jul-25 04:45:07 - INFO] - __main__ - ๐ ูุงุนุฏุฉ ุงูุจูุงูุงุช ุฌุงูุฒุฉ - 1 ูุณุชุฎุฏูุ 1 ูุฌููุนุฉ
[21-Jul-25 04:45:07 - INFO] - __main__ - ๐ค ุชุดุบูู ุงูุจูุช ุงูุฑุฆูุณู...
[21-Jul-25 04:45:07 - INFO] - ZeMusic.core.simple_bot - ๐ Bot handlers added successfully
[21-Jul-25 04:45:08 - INFO] - apscheduler.scheduler - Scheduler started
[21-Jul-25 04:45:08 - INFO] - telegram.ext.Application - Application started
[21-Jul-25 04:45:08 - INFO] - ZeMusic.core.simple_bot - โ Simple Bot started successfully
[21-Jul-25 04:45:08 - INFO] - __main__ - โ ุชู ุชุดุบูู ุงูุจูุช ุงูุจุณูุท ุจูุฌุงุญ
[21-Jul-25 04:45:08 - INFO] - __main__ - ๐ฑ ุชุญููู ุงูุญุณุงุจุงุช ุงููุณุงุนุฏุฉ...
[21-Jul-25 04:45:08 - INFO] - __main__ - ๐ ุญุงูุฉ ุงูุญุณุงุจุงุช ุงููุณุงุนุฏุฉ: 0 ุฅุฌูุงููุ 0 ูุชุตู
[21-Jul-25 04:45:08 - WARNING] - __main__ - โ๏ธ ูุง ุชูุฌุฏ ุญุณุงุจุงุช ูุณุงุนุฏุฉ - ุงูุจูุช ุณูุนูู ุจูุธุงุฆู ูุญุฏูุฏุฉ
[21-Jul-25 04:45:08 - INFO] - __main__ - ๐จโ๐ผ ุชู ุชุญููู 0 ูุฏูุฑ
[21-Jul-25 04:45:08 - INFO] - __main__ - ๐๏ธ ูุนุงูุฌุงุช ุงูุฃูุงูุฑ ุฌุงูุฒุฉ ูุน python-telegram-bot
[21-Jul-25 04:45:08 - INFO] - __main__ - โฐ ุชู ุจุฏุก ุงูููุงู ุงูุฏูุฑูุฉ
[21-Jul-25 04:45:08 - INFO] - ZeMusic.core.music_manager - ๐งน ุชู ุจุฏุก ูููุฉ ุงูุชูุธูู ุงูุฏูุฑูุฉ
[21-Jul-25 04:45:08 - INFO] - __main__ - ๐ต ุชู ุชุดุบูู ZeMusic Bot ุจูุฌุงุญ!
[21-Jul-25 04:45:12 - INFO] - ZeMusic.core.safe_message_handler - Processing message from user 7345311113: '๐ฅ ุงุฎุชุฑ ุฅุตุฏุงุฑ TDLib:

๐ฅ TDLib ุงููุชูุฏู ุงูุญูููู:
โข ุงุณ...'
[21-Jul-25 04:45:12 - INFO] - ZeMusic.core.realistic_assistant_manager - โ ุชู ุชููุฆุฉ ูุงุนุฏุฉ ุจูุงูุงุช ุงูุญุณุงุจุงุช ุงููุณุงุนุฏุฉ
[21-Jul-25 04:45:12 - INFO] - ZeMusic.core.real_tdlib_assistant_manager - โ ุงููุธุงู ุงูุญูููู ุงููุจุณุท ูุชุงุญ ูููุซุจุช
[21-Jul-25 04:45:12 - INFO] - ZeMusic.core.real_tdlib_assistant_manager - โ ุชู ุชููุฆุฉ ูุงุนุฏุฉ ุจูุงูุงุช ุงูุญุณุงุจุงุช ุงููุณุงุนุฏุฉ ุงูุญููููุฉ ุงููุจุณุทุฉ
[21-Jul-25 04:45:26 - INFO] - ZeMusic.core.safe_message_handler - Processing message from user 7345311113: 'ุง...'
[21-Jul-25 04:47:42 - INFO] - ZeMusic.core.safe_message_handler - Processing message from user 7345311113: '+967780138966...'
[21-Jul-25 04:47:42 - INFO] - ZeMusic.core.safe_message_handler - Found user 7345311113 state 'waiting_phone' in advanced_real manager
[21-Jul-25 04:47:44 - ERROR] - ZeMusic.core.simple_handlers - ุฎุทุฃ ูู ูุนุงูุฌ ุงูุฃุฒุฑุงุฑ: 'CallbackQuery' object has no attribute 'effective_user'
[21-Jul-25 04:48:08 - INFO] - ZeMusic.core.safe_message_handler - Processing message from user 7345311113: 'โ ุชู ุญูุธ ุฑูู ุงููุงุชู: +967780138966

๐ ุงูุขู ูุญุชุงุฌ ุฅ...'
[21-Jul-25 04:48:08 - INFO] - ZeMusic.core.safe_message_handler - Found user 7345311113 state 'waiting_phone' in advanced_real manager
[21-Jul-25 04:48:57 - ERROR] - ZeMusic.core.simple_handlers - ุฎุทุฃ ูู ูุนุงูุฌ ุงูุฃุฒุฑุงุฑ: 'CallbackQuery' object has no attribute 'effective_user'
[21-Jul-25 04:48:58 - ERROR] - ZeMusic.core.simple_handlers - ุฎุทุฃ ูู ูุนุงูุฌ ุงูุฃุฒุฑุงุฑ: 'CallbackQuery' object has no attribute 'effective_user'
[21-Jul-25 04:50:08 - INFO] - __main__ - ๐ ุชู ุงุณุชูุงู ุฅุดุงุฑุฉ 15
[21-Jul-25 04:50:08 - INFO] - __main__ - ๐ ุจุฏุก ุฅููุงู ุงูุจูุช...
[21-Jul-25 04:50:08 - INFO] - __main__ - ๐ต ุฅููุงู ุงูุฌูุณุงุช ุงููุดุทุฉ...
[21-Jul-25 04:50:08 - INFO] - __main__ - ๐ฑ ุฅููุงู ุงูุนููุงุก...
[21-Jul-25 04:50:08 - ERROR] - __main__ - ุฎุทุฃ ูู ุฅููุงู ุงูุจูุช: 'TDLibManager' object has no attribute 'stop_all'
[21-Jul-25 04:50:08 - ERROR] - __main__ - ุฎุทุฃ ูู ูุญุต ุตุญุฉ ุงููุธุงู: 'TDLibManager' object has no attribute 'bot_client'
[21-Jul-25 04:50:08 - INFO] - __main__ - ๐ ุจุฏุก ุฅููุงู ุงูุจูุช...
[21-Jul-25 04:50:08 - INFO] - __main__ - ๐ต ุฅููุงู ุงูุฌูุณุงุช ุงููุดุทุฉ...
[21-Jul-25 04:50:08 - INFO] - __main__ - ๐ฑ ุฅููุงู ุงูุนููุงุก...
[21-Jul-25 04:50:08 - ERROR] - __main__ - ุฎุทุฃ ูู ุฅููุงู ุงูุจูุช: 'TDLibManager' object has no attribute 'stop_all'

โโโโโโโโโโโโโโโโโโโโโโโโโโโโโโโโโโโโโโโโ
โ           โ๏ธ  ุชุญุฐูุฑ ููู  โ๏ธ              โ
โโโโโโโโโโโโโโโโโโโโโโโโโโโโโโโโโโโโโโโโฃ
โ                                      โ
โ  ๐ซ ูุง ุชูุฌุฏ ุญุณุงุจุงุช ูุณุงุนุฏุฉ ูุถุงูุฉ        โ
โ                                      โ
โ  ๐ ุงูุจูุช ุณูุนูู ุจูุธุงุฆู ูุญุฏูุฏุฉ:          โ
โ     โ ุงูุฃูุงูุฑ ุงูุนุงุฏูุฉ                 โ
โ     โ ุงูุจุญุซ ูุงููุนูููุงุช               โ
โ     โ ุชุดุบูู ุงูููุณููู                 โ
โ                                      โ
โ  ๐ฑ ูุฅุถุงูุฉ ุญุณุงุจ ูุณุงุนุฏ:                โ
โ     /owner โ ุฅุฏุงุฑุฉ ุงูุญุณุงุจุงุช ุงููุณุงุนุฏุฉ    โ
โ                                      โ
โ  ๐ ููุฏุนู: @https://t.me/K55DD               โ
โ                                      โ
โโโโโโโโโโโโโโโโโโโโโโโโโโโโโโโโโโโโโโโโ
        

โโโโโโโโโโโโโโโโโโโโโโโโโโโโโโโโโโโโโโโโ
โ          ๐ต ZeMusic Bot ๐ต            โ
โโโโโโโโโโโโโโโโโโโโโโโโโโโโโโโโโโโโโโโโฃ
โ                                      โ
โ  โ ุงูุจูุช ุฌุงูุฒ ููุนูู                  โ
โ                                      โ
โ  ๐ ุงูุญุงูุฉ:                          โ
โ     ๐ค ุงูุจูุช ุงูุฑุฆูุณู: ูุชุตู            โ
โ     ๐ฑ ุงูุญุณุงุจุงุช ุงููุณุงุนุฏุฉ: 0 (0 ูุชุตู)     โ
โ     ๐พ ูุงุนุฏุฉ ุงูุจูุงูุงุช: ุฌุงูุฒุฉ          โ
โ                                      โ
โ  ๐ฏ ุงููุถุงุฆู ุงููุชุงุญุฉ:                 โ
โ     โ ุชุดุบูู ุงูููุณููู (ูุญุชุงุฌ ุญุณุงุจุงุช ูุณุงุนุฏุฉ)               โ
โ     โ ุฅุฏุงุฑุฉ ุงููุฌููุนุงุช                โ
โ     โ ุงูุฃูุงูุฑ ุงูุฅุฏุงุฑูุฉ               โ
โ                                      โ
โ  ๐ ุงูุฏุนู: @https://t.me/K55DD               โ
โ                                      โ
โโโโโโโโโโโโโโโโโโโโโโโโโโโโโโโโโโโโโโโโ
        
