nohup: ignoring input
[21-Jul-25 05:22:15 - INFO] - ZeMusic.core.tdlib_client - โ TDLib loaded successfully from compiled library
[21-Jul-25 05:22:15 - INFO] - ZeMusic.core.tdlib_client - ๐ฅ TDLib Manager initialized with real TDLib support
[21-Jul-25 05:22:15 - INFO] - ZeMusic.compatibility - ๐ ุชููุฆุฉ ุนููู ุงูุชูุงูู: ZeMusic
[21-Jul-25 05:22:15 - INFO] - ZeMusic.compatibility - ๐ ุชู ุชุญููู ุทุจูุฉ ุงูุชูุงูู - ุงููููุงุช ุงููุฏููุฉ ุณุชุนูู ูุน TDLib
[21-Jul-25 05:22:15 - INFO] - ZeMusic - ๐ ุงุณุชุฎุฏุงู ุทุจูุฉ ุงูุชูุงูู TDLib
[21-Jul-25 05:22:15 - INFO] - ZeMusic - ๐ต ุชู ุชุญููู ZeMusic Bot ุจูุฌุงุญ
[21-Jul-25 05:22:15 - INFO] - ZeMusic.core.database - โ ุชู ุฅูุดุงุก ูุงุนุฏุฉ ุงูุจูุงูุงุช SQLite ุจูุฌุงุญ
[21-Jul-25 05:22:15 - INFO] - ZeMusic.core.database - โ ูุธุงู ูุงุนุฏุฉ ุงูุจูุงูุงุช TDLib ุฌุงูุฒ ููุงุณุชุฎุฏุงู
[21-Jul-25 05:22:15 - INFO] - ZeMusic.plugins.owner.force_subscribe_handler - ุชู ุชุญููู ุฅุนุฏุงุฏุงุช ุงูุงุดุชุฑุงู ุงูุฅุฌุจุงุฑู - ููุนู: False
[21-Jul-25 05:22:15 - INFO] - ZeMusic.plugins.owner.assistants_handler - ุชู ุชุญููู ุฅุนุฏุงุฏุงุช ุงููุบุงุฏุฑุฉ ุงูุชููุงุฆูุฉ - ููุนู: False
[21-Jul-25 05:22:15 - INFO] - __main__ - ๐ ุจุฏุก ุชููุฆุฉ ZeMusic Bot...
[21-Jul-25 05:22:15 - INFO] - __main__ - ๐ ุชููุฆุฉ ูุงุนุฏุฉ ุงูุจูุงูุงุช...
[21-Jul-25 05:22:15 - INFO] - __main__ - ๐ ูุงุนุฏุฉ ุงูุจูุงูุงุช ุฌุงูุฒุฉ - 1 ูุณุชุฎุฏูุ 1 ูุฌููุนุฉ
[21-Jul-25 05:22:15 - INFO] - __main__ - ๐ค ุชุดุบูู ุงูุจูุช ุงูุฑุฆูุณู...
[21-Jul-25 05:22:15 - INFO] - ZeMusic.core.simple_bot - ๐ Advanced TDLib handlers added
[21-Jul-25 05:22:15 - INFO] - ZeMusic.core.simple_bot - ๐ Bot handlers added successfully
[21-Jul-25 05:22:16 - INFO] - apscheduler.scheduler - Scheduler started
[21-Jul-25 05:22:16 - INFO] - telegram.ext.Application - Application started
[21-Jul-25 05:22:16 - INFO] - ZeMusic.core.simple_bot - โ Simple Bot started successfully
[21-Jul-25 05:22:16 - INFO] - __main__ - โ ุชู ุชุดุบูู ุงูุจูุช ุงูุจุณูุท ุจูุฌุงุญ
[21-Jul-25 05:22:16 - INFO] - __main__ - ๐ฑ ุชุญููู ุงูุญุณุงุจุงุช ุงููุณุงุนุฏุฉ...
[21-Jul-25 05:22:16 - INFO] - __main__ - ๐ ุญุงูุฉ ุงูุญุณุงุจุงุช ุงููุณุงุนุฏุฉ: 0 ุฅุฌูุงููุ 0 ูุชุตู
[21-Jul-25 05:22:16 - WARNING] - __main__ - โ๏ธ ูุง ุชูุฌุฏ ุญุณุงุจุงุช ูุณุงุนุฏุฉ - ุงูุจูุช ุณูุนูู ุจูุธุงุฆู ูุญุฏูุฏุฉ
[21-Jul-25 05:22:16 - INFO] - __main__ - ๐จโ๐ผ ุชู ุชุญููู 0 ูุฏูุฑ
[21-Jul-25 05:22:16 - INFO] - __main__ - ๐๏ธ ูุนุงูุฌุงุช ุงูุฃูุงูุฑ ุฌุงูุฒุฉ ูุน python-telegram-bot
[21-Jul-25 05:22:16 - INFO] - __main__ - โฐ ุชู ุจุฏุก ุงูููุงู ุงูุฏูุฑูุฉ
[21-Jul-25 05:22:16 - INFO] - ZeMusic.core.music_manager - ๐งน ุชู ุจุฏุก ูููุฉ ุงูุชูุธูู ุงูุฏูุฑูุฉ
[21-Jul-25 05:22:16 - INFO] - __main__ - ๐ต ุชู ุชุดุบูู ZeMusic Bot ุจูุฌุงุญ!
